<?xml version="1.0" encoding="UTF-8"?>
<testng-results skipped="0" failed="7" ignored="0" total="15" passed="8">
  <reporter-output>
  </reporter-output>
  <suite name="Default Suite" duration-ms="135494" started-at="2022-01-05T14:00:21 ICT" finished-at="2022-01-05T14:02:37 ICT">
    <groups>
    </groups>
    <test name="Selenium-Guideline" duration-ms="135494" started-at="2022-01-05T14:00:21 ICT" finished-at="2022-01-05T14:02:37 ICT">
      <class name="Railway.TC10">
        <test-method status="PASS" signature="beforeMethod()[pri:0, instance:Railway.TC10@ae45eb6]" name="beforeMethod" is-config="true" duration-ms="1716" started-at="2022-01-05T14:01:38 ICT" finished-at="2022-01-05T14:01:40 ICT">
          <reporter-output>
          </reporter-output>
        </test-method> <!-- beforeMethod -->
        <test-method status="PASS" signature="TC10()[pri:0, instance:Railway.TC10@ae45eb6]" name="TC10" duration-ms="5971" started-at="2022-01-05T14:01:40 ICT" description="User can not create account with an already in use email" finished-at="2022-01-05T14:01:46 ICT">
          <reporter-output>
          </reporter-output>
        </test-method> <!-- TC10 -->
        <test-method status="PASS" signature="afterMethod()[pri:0, instance:Railway.TC10@ae45eb6]" name="afterMethod" is-config="true" duration-ms="731" started-at="2022-01-05T14:01:46 ICT" finished-at="2022-01-05T14:01:46 ICT">
          <reporter-output>
          </reporter-output>
        </test-method> <!-- afterMethod -->
      </class> <!-- Railway.TC10 -->
      <class name="Railway.TC09">
        <test-method status="PASS" signature="beforeMethod()[pri:0, instance:Railway.TC09@68c4039c]" name="beforeMethod" is-config="true" duration-ms="1742" started-at="2022-01-05T14:01:28 ICT" finished-at="2022-01-05T14:01:30 ICT">
          <reporter-output>
          </reporter-output>
        </test-method> <!-- beforeMethod -->
        <test-method status="PASS" signature="TC09()[pri:0, instance:Railway.TC09@68c4039c]" name="TC09" duration-ms="7178" started-at="2022-01-05T14:01:30 ICT" description="User can&#039;t change password when &#039;New Password&#039; and &#039;Confirm Password&#039; are different" finished-at="2022-01-05T14:01:37 ICT">
          <reporter-output>
          </reporter-output>
        </test-method> <!-- TC09 -->
        <test-method status="PASS" signature="afterMethod()[pri:0, instance:Railway.TC09@68c4039c]" name="afterMethod" is-config="true" duration-ms="738" started-at="2022-01-05T14:01:37 ICT" finished-at="2022-01-05T14:01:38 ICT">
          <reporter-output>
          </reporter-output>
        </test-method> <!-- afterMethod -->
      </class> <!-- Railway.TC09 -->
      <class name="Railway.TC08">
        <test-method status="PASS" signature="beforeMethod()[pri:0, instance:Railway.TC08@3532ec19]" name="beforeMethod" is-config="true" duration-ms="1750" started-at="2022-01-05T14:01:20 ICT" finished-at="2022-01-05T14:01:22 ICT">
          <reporter-output>
          </reporter-output>
        </test-method> <!-- beforeMethod -->
        <test-method status="FAIL" signature="TC08()[pri:0, instance:Railway.TC08@3532ec19]" name="TC08" duration-ms="5878" started-at="2022-01-05T14:01:22 ICT" description="User can&#039;t login with an account hasn&#039;t been activated" finished-at="2022-01-05T14:01:27 ICT">
          <exception class="java.lang.AssertionError">
            <message>
              <![CDATA[expected [Invalid username or password. Please try again.] but found [Welcome hanplayboi99@gmail.com]]]>
            </message>
            <full-stacktrace>
              <![CDATA[java.lang.AssertionError: expected [Invalid username or password. Please try again.] but found [Welcome hanplayboi99@gmail.com]
at org.testng.Assert.fail(Assert.java:97)
at org.testng.Assert.assertEqualsImpl(Assert.java:136)
at org.testng.Assert.assertEquals(Assert.java:118)
at org.testng.Assert.assertEquals(Assert.java:575)
at org.testng.Assert.assertEquals(Assert.java:585)
at Railway.TC08.TC08(TC08.java:26)
at sun.reflect.NativeMethodAccessorImpl.invoke0(Native Method)
at sun.reflect.NativeMethodAccessorImpl.invoke(NativeMethodAccessorImpl.java:62)
at sun.reflect.DelegatingMethodAccessorImpl.invoke(DelegatingMethodAccessorImpl.java:43)
at java.lang.reflect.Method.invoke(Method.java:498)
at org.testng.internal.MethodInvocationHelper.invokeMethod(MethodInvocationHelper.java:134)
at org.testng.internal.TestInvoker.invokeMethod(TestInvoker.java:597)
at org.testng.internal.TestInvoker.invokeTestMethod(TestInvoker.java:173)
at org.testng.internal.MethodRunner.runInSequence(MethodRunner.java:46)
at org.testng.internal.TestInvoker$MethodInvocationAgent.invoke(TestInvoker.java:816)
at org.testng.internal.TestInvoker.invokeTestMethods(TestInvoker.java:146)
at org.testng.internal.TestMethodWorker.invokeTestMethods(TestMethodWorker.java:146)
at org.testng.internal.TestMethodWorker.run(TestMethodWorker.java:128)
at java.util.ArrayList.forEach(ArrayList.java:1259)
at org.testng.TestRunner.privateRun(TestRunner.java:766)
at org.testng.TestRunner.run(TestRunner.java:587)
at org.testng.SuiteRunner.runTest(SuiteRunner.java:384)
at org.testng.SuiteRunner.runSequentially(SuiteRunner.java:378)
at org.testng.SuiteRunner.privateRun(SuiteRunner.java:337)
at org.testng.SuiteRunner.run(SuiteRunner.java:286)
at org.testng.SuiteRunnerWorker.runSuite(SuiteRunnerWorker.java:53)
at org.testng.SuiteRunnerWorker.run(SuiteRunnerWorker.java:96)
at org.testng.TestNG.runSuitesSequentially(TestNG.java:1187)
at org.testng.TestNG.runSuitesLocally(TestNG.java:1109)
at org.testng.TestNG.runSuites(TestNG.java:1039)
at org.testng.TestNG.run(TestNG.java:1007)
at com.intellij.rt.testng.IDEARemoteTestNG.run(IDEARemoteTestNG.java:66)
at com.intellij.rt.testng.RemoteTestNGStarter.main(RemoteTestNGStarter.java:109)
]]>
            </full-stacktrace>
          </exception> <!-- java.lang.AssertionError -->
          <reporter-output>
          </reporter-output>
        </test-method> <!-- TC08 -->
        <test-method status="PASS" signature="afterMethod()[pri:0, instance:Railway.TC08@3532ec19]" name="afterMethod" is-config="true" duration-ms="712" started-at="2022-01-05T14:01:27 ICT" finished-at="2022-01-05T14:01:28 ICT">
          <reporter-output>
          </reporter-output>
        </test-method> <!-- afterMethod -->
      </class> <!-- Railway.TC08 -->
      <class name="Railway.TC07">
        <test-method status="PASS" signature="beforeMethod()[pri:0, instance:Railway.TC07@26653222]" name="beforeMethod" is-config="true" duration-ms="1725" started-at="2022-01-05T14:01:13 ICT" finished-at="2022-01-05T14:01:14 ICT">
          <reporter-output>
          </reporter-output>
        </test-method> <!-- beforeMethod -->
        <test-method status="FAIL" signature="TC07()[pri:0, instance:Railway.TC07@26653222]" name="TC07" duration-ms="4710" started-at="2022-01-05T14:01:14 ICT" description="User can create new account" finished-at="2022-01-05T14:01:19 ICT">
          <exception class="org.openqa.selenium.NoSuchElementException">
            <message>
              <![CDATA[no such element: Unable to locate element: {"method":"xpath","selector":"//p[contains(text(),"You're here")]"}
  (Session info: chrome=96.0.4664.110)
For documentation on this error, please visit: https://www.seleniumhq.org/exceptions/no_such_element.html
Build info: version: '3.141.59', revision: 'e82be7d358', time: '2018-11-14T08:17:03'
System info: host: 'HANPLAYBOI', ip: '192.168.1.4', os.name: 'Windows 10', os.arch: 'amd64', os.version: '10.0', java.version: '1.8.0_282'
Driver info: org.openqa.selenium.chrome.ChromeDriver
Capabilities {acceptInsecureCerts: false, browserName: chrome, browserVersion: 96.0.4664.110, chrome: {chromedriverVersion: 96.0.4664.45 (76e4c1bb2ab46..., userDataDir: C:\Users\Admin\AppData\Loca...}, goog:chromeOptions: {debuggerAddress: localhost:65351}, javascriptEnabled: true, networkConnectionEnabled: false, pageLoadStrategy: normal, platform: WINDOWS, platformName: WINDOWS, proxy: Proxy(), setWindowRect: true, strictFileInteractability: false, timeouts: {implicit: 0, pageLoad: 300000, script: 30000}, unhandledPromptBehavior: dismiss and notify, webauthn:extension:credBlob: true, webauthn:extension:largeBlob: true, webauthn:virtualAuthenticators: true}
Session ID: c62d8c1e7a6eaa4a0d52ac5fb164896a
*** Element info: {Using=xpath, value=//p[contains(text(),"You're here")]}]]>
            </message>
            <full-stacktrace>
              <![CDATA[org.openqa.selenium.NoSuchElementException: no such element: Unable to locate element: {"method":"xpath","selector":"//p[contains(text(),"You're here")]"}
  (Session info: chrome=96.0.4664.110)
For documentation on this error, please visit: https://www.seleniumhq.org/exceptions/no_such_element.html
Build info: version: '3.141.59', revision: 'e82be7d358', time: '2018-11-14T08:17:03'
System info: host: 'HANPLAYBOI', ip: '192.168.1.4', os.name: 'Windows 10', os.arch: 'amd64', os.version: '10.0', java.version: '1.8.0_282'
Driver info: org.openqa.selenium.chrome.ChromeDriver
Capabilities {acceptInsecureCerts: false, browserName: chrome, browserVersion: 96.0.4664.110, chrome: {chromedriverVersion: 96.0.4664.45 (76e4c1bb2ab46..., userDataDir: C:\Users\Admin\AppData\Loca...}, goog:chromeOptions: {debuggerAddress: localhost:65351}, javascriptEnabled: true, networkConnectionEnabled: false, pageLoadStrategy: normal, platform: WINDOWS, platformName: WINDOWS, proxy: Proxy(), setWindowRect: true, strictFileInteractability: false, timeouts: {implicit: 0, pageLoad: 300000, script: 30000}, unhandledPromptBehavior: dismiss and notify, webauthn:extension:credBlob: true, webauthn:extension:largeBlob: true, webauthn:virtualAuthenticators: true}
Session ID: c62d8c1e7a6eaa4a0d52ac5fb164896a
*** Element info: {Using=xpath, value=//p[contains(text(),"You're here")]}
at sun.reflect.NativeConstructorAccessorImpl.newInstance0(Native Method)
at sun.reflect.NativeConstructorAccessorImpl.newInstance(NativeConstructorAccessorImpl.java:62)
at sun.reflect.DelegatingConstructorAccessorImpl.newInstance(DelegatingConstructorAccessorImpl.java:45)
at java.lang.reflect.Constructor.newInstance(Constructor.java:423)
at org.openqa.selenium.remote.http.W3CHttpResponseCodec.createException(W3CHttpResponseCodec.java:187)
at org.openqa.selenium.remote.http.W3CHttpResponseCodec.decode(W3CHttpResponseCodec.java:122)
at org.openqa.selenium.remote.http.W3CHttpResponseCodec.decode(W3CHttpResponseCodec.java:49)
at org.openqa.selenium.remote.HttpCommandExecutor.execute(HttpCommandExecutor.java:158)
at org.openqa.selenium.remote.service.DriverCommandExecutor.execute(DriverCommandExecutor.java:83)
at org.openqa.selenium.remote.RemoteWebDriver.execute(RemoteWebDriver.java:552)
at org.openqa.selenium.remote.RemoteWebDriver.findElement(RemoteWebDriver.java:323)
at org.openqa.selenium.remote.RemoteWebDriver.findElementByXPath(RemoteWebDriver.java:428)
at org.openqa.selenium.By$ByXPath.findElement(By.java:353)
at org.openqa.selenium.remote.RemoteWebDriver.findElement(RemoteWebDriver.java:315)
at PageObjects.GeneralPage.getRegisterMessageSuccess(GeneralPage.java:71)
at PageObjects.GeneralPage.getRegisterSuccessMessage(GeneralPage.java:142)
at Railway.TC07.TC07(TC07.java:25)
at sun.reflect.NativeMethodAccessorImpl.invoke0(Native Method)
at sun.reflect.NativeMethodAccessorImpl.invoke(NativeMethodAccessorImpl.java:62)
at sun.reflect.DelegatingMethodAccessorImpl.invoke(DelegatingMethodAccessorImpl.java:43)
at java.lang.reflect.Method.invoke(Method.java:498)
at org.testng.internal.MethodInvocationHelper.invokeMethod(MethodInvocationHelper.java:134)
at org.testng.internal.TestInvoker.invokeMethod(TestInvoker.java:597)
at org.testng.internal.TestInvoker.invokeTestMethod(TestInvoker.java:173)
at org.testng.internal.MethodRunner.runInSequence(MethodRunner.java:46)
at org.testng.internal.TestInvoker$MethodInvocationAgent.invoke(TestInvoker.java:816)
at org.testng.internal.TestInvoker.invokeTestMethods(TestInvoker.java:146)
at org.testng.internal.TestMethodWorker.invokeTestMethods(TestMethodWorker.java:146)
at org.testng.internal.TestMethodWorker.run(TestMethodWorker.java:128)
at java.util.ArrayList.forEach(ArrayList.java:1259)
at org.testng.TestRunner.privateRun(TestRunner.java:766)
at org.testng.TestRunner.run(TestRunner.java:587)
at org.testng.SuiteRunner.runTest(SuiteRunner.java:384)
at org.testng.SuiteRunner.runSequentially(SuiteRunner.java:378)
at org.testng.SuiteRunner.privateRun(SuiteRunner.java:337)
at org.testng.SuiteRunner.run(SuiteRunner.java:286)
at org.testng.SuiteRunnerWorker.runSuite(SuiteRunnerWorker.java:53)
at org.testng.SuiteRunnerWorker.run(SuiteRunnerWorker.java:96)
at org.testng.TestNG.runSuitesSequentially(TestNG.java:1187)
at org.testng.TestNG.runSuitesLocally(TestNG.java:1109)
at org.testng.TestNG.runSuites(TestNG.java:1039)
at org.testng.TestNG.run(TestNG.java:1007)
at com.intellij.rt.testng.IDEARemoteTestNG.run(IDEARemoteTestNG.java:66)
at com.intellij.rt.testng.RemoteTestNGStarter.main(RemoteTestNGStarter.java:109)
]]>
            </full-stacktrace>
          </exception> <!-- org.openqa.selenium.NoSuchElementException -->
          <reporter-output>
          </reporter-output>
        </test-method> <!-- TC07 -->
        <test-method status="PASS" signature="afterMethod()[pri:0, instance:Railway.TC07@26653222]" name="afterMethod" is-config="true" duration-ms="720" started-at="2022-01-05T14:01:19 ICT" finished-at="2022-01-05T14:01:20 ICT">
          <reporter-output>
          </reporter-output>
        </test-method> <!-- afterMethod -->
      </class> <!-- Railway.TC07 -->
      <class name="Railway.TC06">
        <test-method status="PASS" signature="beforeMethod()[pri:0, instance:Railway.TC06@5e5792a0]" name="beforeMethod" is-config="true" duration-ms="1717" started-at="2022-01-05T14:01:03 ICT" finished-at="2022-01-05T14:01:05 ICT">
          <reporter-output>
          </reporter-output>
        </test-method> <!-- beforeMethod -->
        <test-method status="PASS" signature="TC06()[pri:0, instance:Railway.TC06@5e5792a0]" name="TC06" duration-ms="7044" started-at="2022-01-05T14:01:05 ICT" description="User is redirected to Home page after logging out" finished-at="2022-01-05T14:01:12 ICT">
          <reporter-output>
          </reporter-output>
        </test-method> <!-- TC06 -->
        <test-method status="PASS" signature="afterMethod()[pri:0, instance:Railway.TC06@5e5792a0]" name="afterMethod" is-config="true" duration-ms="713" started-at="2022-01-05T14:01:12 ICT" finished-at="2022-01-05T14:01:13 ICT">
          <reporter-output>
          </reporter-output>
        </test-method> <!-- afterMethod -->
      </class> <!-- Railway.TC06 -->
      <class name="Railway.TC17">
        <test-method status="PASS" signature="beforeMethod()[pri:0, instance:Railway.TC17@3e6fa38a]" name="beforeMethod" is-config="true" duration-ms="1734" started-at="2022-01-05T14:02:24 ICT" finished-at="2022-01-05T14:02:26 ICT">
          <reporter-output>
          </reporter-output>
        </test-method> <!-- beforeMethod -->
        <test-method status="PASS" signature="TC17(java.lang.String, java.lang.String, java.lang.String, java.lang.String, java.lang.String)[pri:0, instance:Railway.TC17@3e6fa38a]" name="TC17" duration-ms="10449" started-at="2022-01-05T14:02:26 ICT" description="User can&#039;t book more than 10 tickets" data-provider="data-provider" finished-at="2022-01-05T14:02:36 ICT">
          <params>
            <param index="0">
              <value>
                <![CDATA[1/10/2022]]>
              </value>
            </param>
            <param index="1">
              <value>
                <![CDATA[Sài Gòn]]>
              </value>
            </param>
            <param index="2">
              <value>
                <![CDATA[Huế]]>
              </value>
            </param>
            <param index="3">
              <value>
                <![CDATA[Soft seat]]>
              </value>
            </param>
            <param index="4">
              <value>
                <![CDATA[10]]>
              </value>
            </param>
          </params>
          <reporter-output>
          </reporter-output>
        </test-method> <!-- TC17 -->
        <test-method status="PASS" signature="afterMethod()[pri:0, instance:Railway.TC17@3e6fa38a]" name="afterMethod" is-config="true" duration-ms="598" started-at="2022-01-05T14:02:36 ICT" finished-at="2022-01-05T14:02:37 ICT">
          <reporter-output>
          </reporter-output>
        </test-method> <!-- afterMethod -->
      </class> <!-- Railway.TC17 -->
      <class name="Railway.TC16">
        <test-method status="PASS" signature="beforeMethod()[pri:0, instance:Railway.TC16@47c62251]" name="beforeMethod" is-config="true" duration-ms="1773" started-at="2022-01-05T14:02:15 ICT" finished-at="2022-01-05T14:02:16 ICT">
          <reporter-output>
          </reporter-output>
        </test-method> <!-- beforeMethod -->
        <test-method status="FAIL" signature="TC16()[pri:0, instance:Railway.TC16@47c62251]" name="TC16" duration-ms="6889" started-at="2022-01-05T14:02:16 ICT" description="User can cancel a ticket" finished-at="2022-01-05T14:02:23 ICT">
          <exception class="org.openqa.selenium.ElementClickInterceptedException">
            <message>
              <![CDATA[element click intercepted: Element <input type="button" value="Cancel" onclick="DeleteTicket(1281);"> is not clickable at point (1152, 611). Other element would receive the click: <div style="width: 100%; color: White; font-family: &quot;Helvetica Neue&quot;, &quot;Lucida Grande&quot;, &quot;Segoe UI&quot;, Arial, Helvetica, Verdana, sans-serif; font-size: 11pt;">...</div>
  (Session info: chrome=96.0.4664.110)
Build info: version: '3.141.59', revision: 'e82be7d358', time: '2018-11-14T08:17:03'
System info: host: 'HANPLAYBOI', ip: '192.168.1.4', os.name: 'Windows 10', os.arch: 'amd64', os.version: '10.0', java.version: '1.8.0_282'
Driver info: org.openqa.selenium.chrome.ChromeDriver
Capabilities {acceptInsecureCerts: false, browserName: chrome, browserVersion: 96.0.4664.110, chrome: {chromedriverVersion: 96.0.4664.45 (76e4c1bb2ab46..., userDataDir: C:\Users\Admin\AppData\Loca...}, goog:chromeOptions: {debuggerAddress: localhost:55983}, javascriptEnabled: true, networkConnectionEnabled: false, pageLoadStrategy: normal, platform: WINDOWS, platformName: WINDOWS, proxy: Proxy(), setWindowRect: true, strictFileInteractability: false, timeouts: {implicit: 0, pageLoad: 300000, script: 30000}, unhandledPromptBehavior: dismiss and notify, webauthn:extension:credBlob: true, webauthn:extension:largeBlob: true, webauthn:virtualAuthenticators: true}
Session ID: a3071000e8ac0289ecaaf4ca3b0703ce]]>
            </message>
            <full-stacktrace>
              <![CDATA[org.openqa.selenium.ElementClickInterceptedException: element click intercepted: Element <input type="button" value="Cancel" onclick="DeleteTicket(1281);"> is not clickable at point (1152, 611). Other element would receive the click: <div style="width: 100%; color: White; font-family: &quot;Helvetica Neue&quot;, &quot;Lucida Grande&quot;, &quot;Segoe UI&quot;, Arial, Helvetica, Verdana, sans-serif; font-size: 11pt;">...</div>
  (Session info: chrome=96.0.4664.110)
Build info: version: '3.141.59', revision: 'e82be7d358', time: '2018-11-14T08:17:03'
System info: host: 'HANPLAYBOI', ip: '192.168.1.4', os.name: 'Windows 10', os.arch: 'amd64', os.version: '10.0', java.version: '1.8.0_282'
Driver info: org.openqa.selenium.chrome.ChromeDriver
Capabilities {acceptInsecureCerts: false, browserName: chrome, browserVersion: 96.0.4664.110, chrome: {chromedriverVersion: 96.0.4664.45 (76e4c1bb2ab46..., userDataDir: C:\Users\Admin\AppData\Loca...}, goog:chromeOptions: {debuggerAddress: localhost:55983}, javascriptEnabled: true, networkConnectionEnabled: false, pageLoadStrategy: normal, platform: WINDOWS, platformName: WINDOWS, proxy: Proxy(), setWindowRect: true, strictFileInteractability: false, timeouts: {implicit: 0, pageLoad: 300000, script: 30000}, unhandledPromptBehavior: dismiss and notify, webauthn:extension:credBlob: true, webauthn:extension:largeBlob: true, webauthn:virtualAuthenticators: true}
Session ID: a3071000e8ac0289ecaaf4ca3b0703ce
at sun.reflect.NativeConstructorAccessorImpl.newInstance0(Native Method)
at sun.reflect.NativeConstructorAccessorImpl.newInstance(NativeConstructorAccessorImpl.java:62)
at sun.reflect.DelegatingConstructorAccessorImpl.newInstance(DelegatingConstructorAccessorImpl.java:45)
at java.lang.reflect.Constructor.newInstance(Constructor.java:423)
at org.openqa.selenium.remote.http.W3CHttpResponseCodec.createException(W3CHttpResponseCodec.java:187)
at org.openqa.selenium.remote.http.W3CHttpResponseCodec.decode(W3CHttpResponseCodec.java:122)
at org.openqa.selenium.remote.http.W3CHttpResponseCodec.decode(W3CHttpResponseCodec.java:49)
at org.openqa.selenium.remote.HttpCommandExecutor.execute(HttpCommandExecutor.java:158)
at org.openqa.selenium.remote.service.DriverCommandExecutor.execute(DriverCommandExecutor.java:83)
at org.openqa.selenium.remote.RemoteWebDriver.execute(RemoteWebDriver.java:552)
at org.openqa.selenium.remote.RemoteWebElement.execute(RemoteWebElement.java:285)
at org.openqa.selenium.remote.RemoteWebElement.click(RemoteWebElement.java:84)
at PageObjects.MyTicketPage.clickCancelButton(MyTicketPage.java:16)
at Railway.TC16.TC16(TC16.java:29)
at sun.reflect.NativeMethodAccessorImpl.invoke0(Native Method)
at sun.reflect.NativeMethodAccessorImpl.invoke(NativeMethodAccessorImpl.java:62)
at sun.reflect.DelegatingMethodAccessorImpl.invoke(DelegatingMethodAccessorImpl.java:43)
at java.lang.reflect.Method.invoke(Method.java:498)
at org.testng.internal.MethodInvocationHelper.invokeMethod(MethodInvocationHelper.java:134)
at org.testng.internal.TestInvoker.invokeMethod(TestInvoker.java:597)
at org.testng.internal.TestInvoker.invokeTestMethod(TestInvoker.java:173)
at org.testng.internal.MethodRunner.runInSequence(MethodRunner.java:46)
at org.testng.internal.TestInvoker$MethodInvocationAgent.invoke(TestInvoker.java:816)
at org.testng.internal.TestInvoker.invokeTestMethods(TestInvoker.java:146)
at org.testng.internal.TestMethodWorker.invokeTestMethods(TestMethodWorker.java:146)
at org.testng.internal.TestMethodWorker.run(TestMethodWorker.java:128)
at java.util.ArrayList.forEach(ArrayList.java:1259)
at org.testng.TestRunner.privateRun(TestRunner.java:766)
at org.testng.TestRunner.run(TestRunner.java:587)
at org.testng.SuiteRunner.runTest(SuiteRunner.java:384)
at org.testng.SuiteRunner.runSequentially(SuiteRunner.java:378)
at org.testng.SuiteRunner.privateRun(SuiteRunner.java:337)
at org.testng.SuiteRunner.run(SuiteRunner.java:286)
at org.testng.SuiteRunnerWorker.runSuite(SuiteRunnerWorker.java:53)
at org.testng.SuiteRunnerWorker.run(SuiteRunnerWorker.java:96)
at org.testng.TestNG.runSuitesSequentially(TestNG.java:1187)
at org.testng.TestNG.runSuitesLocally(TestNG.java:1109)
at org.testng.TestNG.runSuites(TestNG.java:1039)
at org.testng.TestNG.run(TestNG.java:1007)
at com.intellij.rt.testng.IDEARemoteTestNG.run(IDEARemoteTestNG.java:66)
at com.intellij.rt.testng.RemoteTestNGStarter.main(RemoteTestNGStarter.java:109)
]]>
            </full-stacktrace>
          </exception> <!-- org.openqa.selenium.ElementClickInterceptedException -->
          <reporter-output>
          </reporter-output>
        </test-method> <!-- TC16 -->
        <test-method status="PASS" signature="afterMethod()[pri:0, instance:Railway.TC16@47c62251]" name="afterMethod" is-config="true" duration-ms="629" started-at="2022-01-05T14:02:23 ICT" finished-at="2022-01-05T14:02:24 ICT">
          <reporter-output>
          </reporter-output>
        </test-method> <!-- afterMethod -->
      </class> <!-- Railway.TC16 -->
      <class name="Railway.TC05">
        <test-method status="PASS" signature="beforeMethod()[pri:0, instance:Railway.TC05@3ffc5af1]" name="beforeMethod" is-config="true" duration-ms="1677" started-at="2022-01-05T14:00:53 ICT" finished-at="2022-01-05T14:00:54 ICT">
          <reporter-output>
          </reporter-output>
        </test-method> <!-- beforeMethod -->
        <test-method status="FAIL" signature="TC05()[pri:0, instance:Railway.TC05@3ffc5af1]" name="TC05" duration-ms="8041" started-at="2022-01-05T14:00:54 ICT" description="User login wrong password several time" finished-at="2022-01-05T14:01:02 ICT">
          <exception class="java.lang.AssertionError">
            <message>
              <![CDATA[expected [You have used 4 out of 5 login attempts. After all 5 have been used, you will be unable to login for 15 minutes] but found [Invalid username or password. Please try again.]]]>
            </message>
            <full-stacktrace>
              <![CDATA[java.lang.AssertionError: expected [You have used 4 out of 5 login attempts. After all 5 have been used, you will be unable to login for 15 minutes] but found [Invalid username or password. Please try again.]
at org.testng.Assert.fail(Assert.java:97)
at org.testng.Assert.assertEqualsImpl(Assert.java:136)
at org.testng.Assert.assertEquals(Assert.java:118)
at org.testng.Assert.assertEquals(Assert.java:575)
at org.testng.Assert.assertEquals(Assert.java:585)
at Railway.TC05.TC05(TC05.java:27)
at sun.reflect.NativeMethodAccessorImpl.invoke0(Native Method)
at sun.reflect.NativeMethodAccessorImpl.invoke(NativeMethodAccessorImpl.java:62)
at sun.reflect.DelegatingMethodAccessorImpl.invoke(DelegatingMethodAccessorImpl.java:43)
at java.lang.reflect.Method.invoke(Method.java:498)
at org.testng.internal.MethodInvocationHelper.invokeMethod(MethodInvocationHelper.java:134)
at org.testng.internal.TestInvoker.invokeMethod(TestInvoker.java:597)
at org.testng.internal.TestInvoker.invokeTestMethod(TestInvoker.java:173)
at org.testng.internal.MethodRunner.runInSequence(MethodRunner.java:46)
at org.testng.internal.TestInvoker$MethodInvocationAgent.invoke(TestInvoker.java:816)
at org.testng.internal.TestInvoker.invokeTestMethods(TestInvoker.java:146)
at org.testng.internal.TestMethodWorker.invokeTestMethods(TestMethodWorker.java:146)
at org.testng.internal.TestMethodWorker.run(TestMethodWorker.java:128)
at java.util.ArrayList.forEach(ArrayList.java:1259)
at org.testng.TestRunner.privateRun(TestRunner.java:766)
at org.testng.TestRunner.run(TestRunner.java:587)
at org.testng.SuiteRunner.runTest(SuiteRunner.java:384)
at org.testng.SuiteRunner.runSequentially(SuiteRunner.java:378)
at org.testng.SuiteRunner.privateRun(SuiteRunner.java:337)
at org.testng.SuiteRunner.run(SuiteRunner.java:286)
at org.testng.SuiteRunnerWorker.runSuite(SuiteRunnerWorker.java:53)
at org.testng.SuiteRunnerWorker.run(SuiteRunnerWorker.java:96)
at org.testng.TestNG.runSuitesSequentially(TestNG.java:1187)
at org.testng.TestNG.runSuitesLocally(TestNG.java:1109)
at org.testng.TestNG.runSuites(TestNG.java:1039)
at org.testng.TestNG.run(TestNG.java:1007)
at com.intellij.rt.testng.IDEARemoteTestNG.run(IDEARemoteTestNG.java:66)
at com.intellij.rt.testng.RemoteTestNGStarter.main(RemoteTestNGStarter.java:109)
]]>
            </full-stacktrace>
          </exception> <!-- java.lang.AssertionError -->
          <reporter-output>
          </reporter-output>
        </test-method> <!-- TC05 -->
        <test-method status="PASS" signature="afterMethod()[pri:0, instance:Railway.TC05@3ffc5af1]" name="afterMethod" is-config="true" duration-ms="720" started-at="2022-01-05T14:01:03 ICT" finished-at="2022-01-05T14:01:03 ICT">
          <reporter-output>
          </reporter-output>
        </test-method> <!-- afterMethod -->
      </class> <!-- Railway.TC05 -->
      <class name="Railway.TC04">
        <test-method status="PASS" signature="beforeMethod()[pri:0, instance:Railway.TC04@29774679]" name="beforeMethod" is-config="true" duration-ms="1726" started-at="2022-01-05T14:00:45 ICT" finished-at="2022-01-05T14:00:47 ICT">
          <reporter-output>
          </reporter-output>
        </test-method> <!-- beforeMethod -->
        <test-method status="FAIL" signature="TC04()[pri:0, instance:Railway.TC04@29774679]" name="TC04" duration-ms="5205" started-at="2022-01-05T14:00:47 ICT" description="Use is redirected to Book ticket page after logging in" finished-at="2022-01-05T14:00:52 ICT">
          <exception class="java.lang.AssertionError">
            <message>
              <![CDATA[expected [Book Ticket] but found [Book ticket]]]>
            </message>
            <full-stacktrace>
              <![CDATA[java.lang.AssertionError: expected [Book Ticket] but found [Book ticket]
at org.testng.Assert.fail(Assert.java:97)
at org.testng.Assert.assertEqualsImpl(Assert.java:136)
at org.testng.Assert.assertEquals(Assert.java:118)
at org.testng.Assert.assertEquals(Assert.java:575)
at org.testng.Assert.assertEquals(Assert.java:585)
at Railway.TC04.TC04(TC04.java:26)
at sun.reflect.NativeMethodAccessorImpl.invoke0(Native Method)
at sun.reflect.NativeMethodAccessorImpl.invoke(NativeMethodAccessorImpl.java:62)
at sun.reflect.DelegatingMethodAccessorImpl.invoke(DelegatingMethodAccessorImpl.java:43)
at java.lang.reflect.Method.invoke(Method.java:498)
at org.testng.internal.MethodInvocationHelper.invokeMethod(MethodInvocationHelper.java:134)
at org.testng.internal.TestInvoker.invokeMethod(TestInvoker.java:597)
at org.testng.internal.TestInvoker.invokeTestMethod(TestInvoker.java:173)
at org.testng.internal.MethodRunner.runInSequence(MethodRunner.java:46)
at org.testng.internal.TestInvoker$MethodInvocationAgent.invoke(TestInvoker.java:816)
at org.testng.internal.TestInvoker.invokeTestMethods(TestInvoker.java:146)
at org.testng.internal.TestMethodWorker.invokeTestMethods(TestMethodWorker.java:146)
at org.testng.internal.TestMethodWorker.run(TestMethodWorker.java:128)
at java.util.ArrayList.forEach(ArrayList.java:1259)
at org.testng.TestRunner.privateRun(TestRunner.java:766)
at org.testng.TestRunner.run(TestRunner.java:587)
at org.testng.SuiteRunner.runTest(SuiteRunner.java:384)
at org.testng.SuiteRunner.runSequentially(SuiteRunner.java:378)
at org.testng.SuiteRunner.privateRun(SuiteRunner.java:337)
at org.testng.SuiteRunner.run(SuiteRunner.java:286)
at org.testng.SuiteRunnerWorker.runSuite(SuiteRunnerWorker.java:53)
at org.testng.SuiteRunnerWorker.run(SuiteRunnerWorker.java:96)
at org.testng.TestNG.runSuitesSequentially(TestNG.java:1187)
at org.testng.TestNG.runSuitesLocally(TestNG.java:1109)
at org.testng.TestNG.runSuites(TestNG.java:1039)
at org.testng.TestNG.run(TestNG.java:1007)
at com.intellij.rt.testng.IDEARemoteTestNG.run(IDEARemoteTestNG.java:66)
at com.intellij.rt.testng.RemoteTestNGStarter.main(RemoteTestNGStarter.java:109)
]]>
            </full-stacktrace>
          </exception> <!-- java.lang.AssertionError -->
          <reporter-output>
          </reporter-output>
        </test-method> <!-- TC04 -->
        <test-method status="PASS" signature="afterMethod()[pri:0, instance:Railway.TC04@29774679]" name="afterMethod" is-config="true" duration-ms="705" started-at="2022-01-05T14:00:52 ICT" finished-at="2022-01-05T14:00:53 ICT">
          <reporter-output>
          </reporter-output>
        </test-method> <!-- afterMethod -->
      </class> <!-- Railway.TC04 -->
      <class name="Railway.TC15">
        <test-method status="PASS" signature="beforeMethod()[pri:0, instance:Railway.TC15@6f7fd0e6]" name="beforeMethod" is-config="true" duration-ms="1725" started-at="2022-01-05T14:02:05 ICT" finished-at="2022-01-05T14:02:06 ICT">
          <reporter-output>
          </reporter-output>
        </test-method> <!-- beforeMethod -->
        <test-method status="FAIL" signature="TC15()[pri:0, instance:Railway.TC15@6f7fd0e6]" name="TC15" duration-ms="7741" started-at="2022-01-05T14:02:06 ICT" description="&#039;Ticket price&#039; page displays with ticket details after clicking on &#039;check price&#039; link in &#039;Train timetable&#039; page" finished-at="2022-01-05T14:02:14 ICT">
          <exception class="org.openqa.selenium.ElementClickInterceptedException">
            <message>
              <![CDATA[element click intercepted: Element <a href="TicketPricePage.cshtml?id1=1&amp;id2=2">...</a> is not clickable at point (906, 598). Other element would receive the click: <div style="width: 100%; color: White; font-family: &quot;Helvetica Neue&quot;, &quot;Lucida Grande&quot;, &quot;Segoe UI&quot;, Arial, Helvetica, Verdana, sans-serif; font-size: 11pt;">...</div>
  (Session info: chrome=96.0.4664.110)
Build info: version: '3.141.59', revision: 'e82be7d358', time: '2018-11-14T08:17:03'
System info: host: 'HANPLAYBOI', ip: '192.168.1.4', os.name: 'Windows 10', os.arch: 'amd64', os.version: '10.0', java.version: '1.8.0_282'
Driver info: org.openqa.selenium.chrome.ChromeDriver
Capabilities {acceptInsecureCerts: false, browserName: chrome, browserVersion: 96.0.4664.110, chrome: {chromedriverVersion: 96.0.4664.45 (76e4c1bb2ab46..., userDataDir: C:\Users\Admin\AppData\Loca...}, goog:chromeOptions: {debuggerAddress: localhost:55956}, javascriptEnabled: true, networkConnectionEnabled: false, pageLoadStrategy: normal, platform: WINDOWS, platformName: WINDOWS, proxy: Proxy(), setWindowRect: true, strictFileInteractability: false, timeouts: {implicit: 0, pageLoad: 300000, script: 30000}, unhandledPromptBehavior: dismiss and notify, webauthn:extension:credBlob: true, webauthn:extension:largeBlob: true, webauthn:virtualAuthenticators: true}
Session ID: ea955bd60c47b5a5d073dbf01e8c2bac]]>
            </message>
            <full-stacktrace>
              <![CDATA[org.openqa.selenium.ElementClickInterceptedException: element click intercepted: Element <a href="TicketPricePage.cshtml?id1=1&amp;id2=2">...</a> is not clickable at point (906, 598). Other element would receive the click: <div style="width: 100%; color: White; font-family: &quot;Helvetica Neue&quot;, &quot;Lucida Grande&quot;, &quot;Segoe UI&quot;, Arial, Helvetica, Verdana, sans-serif; font-size: 11pt;">...</div>
  (Session info: chrome=96.0.4664.110)
Build info: version: '3.141.59', revision: 'e82be7d358', time: '2018-11-14T08:17:03'
System info: host: 'HANPLAYBOI', ip: '192.168.1.4', os.name: 'Windows 10', os.arch: 'amd64', os.version: '10.0', java.version: '1.8.0_282'
Driver info: org.openqa.selenium.chrome.ChromeDriver
Capabilities {acceptInsecureCerts: false, browserName: chrome, browserVersion: 96.0.4664.110, chrome: {chromedriverVersion: 96.0.4664.45 (76e4c1bb2ab46..., userDataDir: C:\Users\Admin\AppData\Loca...}, goog:chromeOptions: {debuggerAddress: localhost:55956}, javascriptEnabled: true, networkConnectionEnabled: false, pageLoadStrategy: normal, platform: WINDOWS, platformName: WINDOWS, proxy: Proxy(), setWindowRect: true, strictFileInteractability: false, timeouts: {implicit: 0, pageLoad: 300000, script: 30000}, unhandledPromptBehavior: dismiss and notify, webauthn:extension:credBlob: true, webauthn:extension:largeBlob: true, webauthn:virtualAuthenticators: true}
Session ID: ea955bd60c47b5a5d073dbf01e8c2bac
at sun.reflect.NativeConstructorAccessorImpl.newInstance0(Native Method)
at sun.reflect.NativeConstructorAccessorImpl.newInstance(NativeConstructorAccessorImpl.java:62)
at sun.reflect.DelegatingConstructorAccessorImpl.newInstance(DelegatingConstructorAccessorImpl.java:45)
at java.lang.reflect.Constructor.newInstance(Constructor.java:423)
at org.openqa.selenium.remote.http.W3CHttpResponseCodec.createException(W3CHttpResponseCodec.java:187)
at org.openqa.selenium.remote.http.W3CHttpResponseCodec.decode(W3CHttpResponseCodec.java:122)
at org.openqa.selenium.remote.http.W3CHttpResponseCodec.decode(W3CHttpResponseCodec.java:49)
at org.openqa.selenium.remote.HttpCommandExecutor.execute(HttpCommandExecutor.java:158)
at org.openqa.selenium.remote.service.DriverCommandExecutor.execute(DriverCommandExecutor.java:83)
at org.openqa.selenium.remote.RemoteWebDriver.execute(RemoteWebDriver.java:552)
at org.openqa.selenium.remote.RemoteWebElement.execute(RemoteWebElement.java:285)
at org.openqa.selenium.remote.RemoteWebElement.click(RemoteWebElement.java:84)
at PageObjects.TimeTablePage.clickLinkCheckPrice(TimeTablePage.java:15)
at Railway.TC15.TC15(TC15.java:30)
at sun.reflect.NativeMethodAccessorImpl.invoke0(Native Method)
at sun.reflect.NativeMethodAccessorImpl.invoke(NativeMethodAccessorImpl.java:62)
at sun.reflect.DelegatingMethodAccessorImpl.invoke(DelegatingMethodAccessorImpl.java:43)
at java.lang.reflect.Method.invoke(Method.java:498)
at org.testng.internal.MethodInvocationHelper.invokeMethod(MethodInvocationHelper.java:134)
at org.testng.internal.TestInvoker.invokeMethod(TestInvoker.java:597)
at org.testng.internal.TestInvoker.invokeTestMethod(TestInvoker.java:173)
at org.testng.internal.MethodRunner.runInSequence(MethodRunner.java:46)
at org.testng.internal.TestInvoker$MethodInvocationAgent.invoke(TestInvoker.java:816)
at org.testng.internal.TestInvoker.invokeTestMethods(TestInvoker.java:146)
at org.testng.internal.TestMethodWorker.invokeTestMethods(TestMethodWorker.java:146)
at org.testng.internal.TestMethodWorker.run(TestMethodWorker.java:128)
at java.util.ArrayList.forEach(ArrayList.java:1259)
at org.testng.TestRunner.privateRun(TestRunner.java:766)
at org.testng.TestRunner.run(TestRunner.java:587)
at org.testng.SuiteRunner.runTest(SuiteRunner.java:384)
at org.testng.SuiteRunner.runSequentially(SuiteRunner.java:378)
at org.testng.SuiteRunner.privateRun(SuiteRunner.java:337)
at org.testng.SuiteRunner.run(SuiteRunner.java:286)
at org.testng.SuiteRunnerWorker.runSuite(SuiteRunnerWorker.java:53)
at org.testng.SuiteRunnerWorker.run(SuiteRunnerWorker.java:96)
at org.testng.TestNG.runSuitesSequentially(TestNG.java:1187)
at org.testng.TestNG.runSuitesLocally(TestNG.java:1109)
at org.testng.TestNG.runSuites(TestNG.java:1039)
at org.testng.TestNG.run(TestNG.java:1007)
at com.intellij.rt.testng.IDEARemoteTestNG.run(IDEARemoteTestNG.java:66)
at com.intellij.rt.testng.RemoteTestNGStarter.main(RemoteTestNGStarter.java:109)
]]>
            </full-stacktrace>
          </exception> <!-- org.openqa.selenium.ElementClickInterceptedException -->
          <reporter-output>
          </reporter-output>
        </test-method> <!-- TC15 -->
        <test-method status="PASS" signature="afterMethod()[pri:0, instance:Railway.TC15@6f7fd0e6]" name="afterMethod" is-config="true" duration-ms="635" started-at="2022-01-05T14:02:14 ICT" finished-at="2022-01-05T14:02:15 ICT">
          <reporter-output>
          </reporter-output>
        </test-method> <!-- afterMethod -->
      </class> <!-- Railway.TC15 -->
      <class name="Railway.TC03">
        <test-method status="PASS" signature="beforeMethod()[pri:0, instance:Railway.TC03@61832929]" name="beforeMethod" is-config="true" duration-ms="2244" started-at="2022-01-05T14:00:38 ICT" finished-at="2022-01-05T14:00:40 ICT">
          <reporter-output>
          </reporter-output>
        </test-method> <!-- beforeMethod -->
        <test-method status="PASS" signature="TC03()[pri:0, instance:Railway.TC03@61832929]" name="TC03" duration-ms="4638" started-at="2022-01-05T14:00:40 ICT" description="User cannot log into Railway with invalid password" finished-at="2022-01-05T14:00:45 ICT">
          <reporter-output>
          </reporter-output>
        </test-method> <!-- TC03 -->
        <test-method status="PASS" signature="afterMethod()[pri:0, instance:Railway.TC03@61832929]" name="afterMethod" is-config="true" duration-ms="618" started-at="2022-01-05T14:00:45 ICT" finished-at="2022-01-05T14:00:45 ICT">
          <reporter-output>
          </reporter-output>
        </test-method> <!-- afterMethod -->
      </class> <!-- Railway.TC03 -->
      <class name="Railway.TC14">
        <test-method status="PASS" signature="beforeMethod()[pri:0, instance:Railway.TC14@27efef64]" name="beforeMethod" is-config="true" duration-ms="1662" started-at="2022-01-05T14:01:53 ICT" finished-at="2022-01-05T14:01:55 ICT">
          <reporter-output>
          </reporter-output>
        </test-method> <!-- beforeMethod -->
        <test-method status="FAIL" signature="TC14(java.lang.String, java.lang.String, java.lang.String, java.lang.String, java.lang.String)[pri:0, instance:Railway.TC14@27efef64]" name="TC14" duration-ms="8804" started-at="2022-01-05T14:01:55 ICT" description="User can book many tickets at a time" data-provider="data-provider" finished-at="2022-01-05T14:02:04 ICT">
          <params>
            <param index="0">
              <value>
                <![CDATA[1/10/2022]]>
              </value>
            </param>
            <param index="1">
              <value>
                <![CDATA[Sài Gòn]]>
              </value>
            </param>
            <param index="2">
              <value>
                <![CDATA[Đà Nẵng]]>
              </value>
            </param>
            <param index="3">
              <value>
                <![CDATA[Hard seat]]>
              </value>
            </param>
            <param index="4">
              <value>
                <![CDATA[1]]>
              </value>
            </param>
          </params>
          <exception class="org.openqa.selenium.NoSuchElementException">
            <message>
              <![CDATA[no such element: Unable to locate element: {"method":"xpath","selector":"//h1[contains(text(),'Ticket Booked Successfully!')]"}
  (Session info: chrome=96.0.4664.110)
For documentation on this error, please visit: https://www.seleniumhq.org/exceptions/no_such_element.html
Build info: version: '3.141.59', revision: 'e82be7d358', time: '2018-11-14T08:17:03'
System info: host: 'HANPLAYBOI', ip: '192.168.1.4', os.name: 'Windows 10', os.arch: 'amd64', os.version: '10.0', java.version: '1.8.0_282'
Driver info: org.openqa.selenium.chrome.ChromeDriver
Capabilities {acceptInsecureCerts: false, browserName: chrome, browserVersion: 96.0.4664.110, chrome: {chromedriverVersion: 96.0.4664.45 (76e4c1bb2ab46..., userDataDir: C:\Users\Admin\AppData\Loca...}, goog:chromeOptions: {debuggerAddress: localhost:65494}, javascriptEnabled: true, networkConnectionEnabled: false, pageLoadStrategy: normal, platform: WINDOWS, platformName: WINDOWS, proxy: Proxy(), setWindowRect: true, strictFileInteractability: false, timeouts: {implicit: 0, pageLoad: 300000, script: 30000}, unhandledPromptBehavior: dismiss and notify, webauthn:extension:credBlob: true, webauthn:extension:largeBlob: true, webauthn:virtualAuthenticators: true}
Session ID: d0b61e3d2b87f700632f131b0cfc3339
*** Element info: {Using=xpath, value=//h1[contains(text(),'Ticket Booked Successfully!')]}]]>
            </message>
            <full-stacktrace>
              <![CDATA[org.openqa.selenium.NoSuchElementException: no such element: Unable to locate element: {"method":"xpath","selector":"//h1[contains(text(),'Ticket Booked Successfully!')]"}
  (Session info: chrome=96.0.4664.110)
For documentation on this error, please visit: https://www.seleniumhq.org/exceptions/no_such_element.html
Build info: version: '3.141.59', revision: 'e82be7d358', time: '2018-11-14T08:17:03'
System info: host: 'HANPLAYBOI', ip: '192.168.1.4', os.name: 'Windows 10', os.arch: 'amd64', os.version: '10.0', java.version: '1.8.0_282'
Driver info: org.openqa.selenium.chrome.ChromeDriver
Capabilities {acceptInsecureCerts: false, browserName: chrome, browserVersion: 96.0.4664.110, chrome: {chromedriverVersion: 96.0.4664.45 (76e4c1bb2ab46..., userDataDir: C:\Users\Admin\AppData\Loca...}, goog:chromeOptions: {debuggerAddress: localhost:65494}, javascriptEnabled: true, networkConnectionEnabled: false, pageLoadStrategy: normal, platform: WINDOWS, platformName: WINDOWS, proxy: Proxy(), setWindowRect: true, strictFileInteractability: false, timeouts: {implicit: 0, pageLoad: 300000, script: 30000}, unhandledPromptBehavior: dismiss and notify, webauthn:extension:credBlob: true, webauthn:extension:largeBlob: true, webauthn:virtualAuthenticators: true}
Session ID: d0b61e3d2b87f700632f131b0cfc3339
*** Element info: {Using=xpath, value=//h1[contains(text(),'Ticket Booked Successfully!')]}
at sun.reflect.NativeConstructorAccessorImpl.newInstance0(Native Method)
at sun.reflect.NativeConstructorAccessorImpl.newInstance(NativeConstructorAccessorImpl.java:62)
at sun.reflect.DelegatingConstructorAccessorImpl.newInstance(DelegatingConstructorAccessorImpl.java:45)
at java.lang.reflect.Constructor.newInstance(Constructor.java:423)
at org.openqa.selenium.remote.http.W3CHttpResponseCodec.createException(W3CHttpResponseCodec.java:187)
at org.openqa.selenium.remote.http.W3CHttpResponseCodec.decode(W3CHttpResponseCodec.java:122)
at org.openqa.selenium.remote.http.W3CHttpResponseCodec.decode(W3CHttpResponseCodec.java:49)
at org.openqa.selenium.remote.HttpCommandExecutor.execute(HttpCommandExecutor.java:158)
at org.openqa.selenium.remote.service.DriverCommandExecutor.execute(DriverCommandExecutor.java:83)
at org.openqa.selenium.remote.RemoteWebDriver.execute(RemoteWebDriver.java:552)
at org.openqa.selenium.remote.RemoteWebDriver.findElement(RemoteWebDriver.java:323)
at org.openqa.selenium.remote.RemoteWebDriver.findElementByXPath(RemoteWebDriver.java:428)
at org.openqa.selenium.By$ByXPath.findElement(By.java:353)
at org.openqa.selenium.remote.RemoteWebDriver.findElement(RemoteWebDriver.java:315)
at PageObjects.BookTicketPage.getMsgBookSuccess(BookTicketPage.java:15)
at PageObjects.BookTicketPage.getMessageBook(BookTicketPage.java:51)
at Railway.TC14.TC14(TC14.java:48)
at sun.reflect.NativeMethodAccessorImpl.invoke0(Native Method)
at sun.reflect.NativeMethodAccessorImpl.invoke(NativeMethodAccessorImpl.java:62)
at sun.reflect.DelegatingMethodAccessorImpl.invoke(DelegatingMethodAccessorImpl.java:43)
at java.lang.reflect.Method.invoke(Method.java:498)
at org.testng.internal.MethodInvocationHelper.invokeMethod(MethodInvocationHelper.java:134)
at org.testng.internal.TestInvoker.invokeMethod(TestInvoker.java:597)
at org.testng.internal.TestInvoker.invokeTestMethod(TestInvoker.java:173)
at org.testng.internal.MethodRunner.runInSequence(MethodRunner.java:46)
at org.testng.internal.TestInvoker$MethodInvocationAgent.invoke(TestInvoker.java:816)
at org.testng.internal.TestInvoker.invokeTestMethods(TestInvoker.java:146)
at org.testng.internal.TestMethodWorker.invokeTestMethods(TestMethodWorker.java:146)
at org.testng.internal.TestMethodWorker.run(TestMethodWorker.java:128)
at java.util.ArrayList.forEach(ArrayList.java:1259)
at org.testng.TestRunner.privateRun(TestRunner.java:766)
at org.testng.TestRunner.run(TestRunner.java:587)
at org.testng.SuiteRunner.runTest(SuiteRunner.java:384)
at org.testng.SuiteRunner.runSequentially(SuiteRunner.java:378)
at org.testng.SuiteRunner.privateRun(SuiteRunner.java:337)
at org.testng.SuiteRunner.run(SuiteRunner.java:286)
at org.testng.SuiteRunnerWorker.runSuite(SuiteRunnerWorker.java:53)
at org.testng.SuiteRunnerWorker.run(SuiteRunnerWorker.java:96)
at org.testng.TestNG.runSuitesSequentially(TestNG.java:1187)
at org.testng.TestNG.runSuitesLocally(TestNG.java:1109)
at org.testng.TestNG.runSuites(TestNG.java:1039)
at org.testng.TestNG.run(TestNG.java:1007)
at com.intellij.rt.testng.IDEARemoteTestNG.run(IDEARemoteTestNG.java:66)
at com.intellij.rt.testng.RemoteTestNGStarter.main(RemoteTestNGStarter.java:109)
]]>
            </full-stacktrace>
          </exception> <!-- org.openqa.selenium.NoSuchElementException -->
          <reporter-output>
          </reporter-output>
        </test-method> <!-- TC14 -->
        <test-method status="PASS" signature="afterMethod()[pri:0, instance:Railway.TC14@27efef64]" name="afterMethod" is-config="true" duration-ms="731" started-at="2022-01-05T14:02:04 ICT" finished-at="2022-01-05T14:02:05 ICT">
          <reporter-output>
          </reporter-output>
        </test-method> <!-- afterMethod -->
      </class> <!-- Railway.TC14 -->
      <class name="Railway.TC02">
        <test-method status="PASS" signature="beforeMethod()[pri:0, instance:Railway.TC02@5b275dab]" name="beforeMethod" is-config="true" duration-ms="1801" started-at="2022-01-05T14:00:30 ICT" finished-at="2022-01-05T14:00:32 ICT">
          <reporter-output>
          </reporter-output>
        </test-method> <!-- beforeMethod -->
        <test-method status="PASS" signature="TC02()[pri:0, instance:Railway.TC02@5b275dab]" name="TC02" duration-ms="5011" started-at="2022-01-05T14:00:32 ICT" description="TC02 - User can not login with blank &#039;Username&#039; textbox" finished-at="2022-01-05T14:00:37 ICT">
          <reporter-output>
          </reporter-output>
        </test-method> <!-- TC02 -->
        <test-method status="PASS" signature="afterMethod()[pri:0, instance:Railway.TC02@5b275dab]" name="afterMethod" is-config="true" duration-ms="641" started-at="2022-01-05T14:00:37 ICT" finished-at="2022-01-05T14:00:38 ICT">
          <reporter-output>
          </reporter-output>
        </test-method> <!-- afterMethod -->
      </class> <!-- Railway.TC02 -->
      <class name="Railway.TC01">
        <test-method status="PASS" signature="beforeMethod()[pri:0, instance:Railway.TC01@523884b2]" name="beforeMethod" is-config="true" duration-ms="2878" started-at="2022-01-05T14:00:21 ICT" finished-at="2022-01-05T14:00:24 ICT">
          <reporter-output>
          </reporter-output>
        </test-method> <!-- beforeMethod -->
        <test-method status="PASS" signature="TC01()[pri:0, instance:Railway.TC01@523884b2]" name="TC01" duration-ms="5316" started-at="2022-01-05T14:00:24 ICT" description="TC01 - User can login with valid account" finished-at="2022-01-05T14:00:30 ICT">
          <reporter-output>
          </reporter-output>
        </test-method> <!-- TC01 -->
        <test-method status="PASS" signature="afterMethod()[pri:0, instance:Railway.TC01@523884b2]" name="afterMethod" is-config="true" duration-ms="636" started-at="2022-01-05T14:00:30 ICT" finished-at="2022-01-05T14:00:30 ICT">
          <reporter-output>
          </reporter-output>
        </test-method> <!-- afterMethod -->
      </class> <!-- Railway.TC01 -->
      <class name="Railway.TC11">
        <test-method status="PASS" signature="beforeMethod()[pri:0, instance:Railway.TC11@59f99ea]" name="beforeMethod" is-config="true" duration-ms="1689" started-at="2022-01-05T14:01:46 ICT" finished-at="2022-01-05T14:01:48 ICT">
          <reporter-output>
          </reporter-output>
        </test-method> <!-- beforeMethod -->
        <test-method status="PASS" signature="TC11()[pri:0, instance:Railway.TC11@59f99ea]" name="TC11" duration-ms="4676" started-at="2022-01-05T14:01:48 ICT" description="User can not create account while password and PID fields are empty" finished-at="2022-01-05T14:01:53 ICT">
          <reporter-output>
          </reporter-output>
        </test-method> <!-- TC11 -->
        <test-method status="PASS" signature="afterMethod()[pri:0, instance:Railway.TC11@59f99ea]" name="afterMethod" is-config="true" duration-ms="694" started-at="2022-01-05T14:01:53 ICT" finished-at="2022-01-05T14:01:53 ICT">
          <reporter-output>
          </reporter-output>
        </test-method> <!-- afterMethod -->
      </class> <!-- Railway.TC11 -->
    </test> <!-- Selenium-Guideline -->
  </suite> <!-- Default Suite -->
</testng-results>
